2020-06-11T22:44:53.688Z [my-bank-api] info: API started on port 3000...
2020-06-11T22:45:32.982Z [my-bank-api] info: API started on port 3000...
2020-06-11T22:46:37.688Z [my-bank-api] info: API started on port 3000...
2020-06-11T22:46:51.138Z [my-bank-api] info: API started on port 3000...
2020-06-11T22:46:51.144Z [my-bank-api] error: API started on port 3000...
2020-06-11T22:47:13.145Z [my-bank-api] info: API started on port 3000...
2020-06-11T22:47:40.862Z [my-bank-api] info: API started on port 3000...
2020-06-11T22:47:56.658Z [my-bank-api] info: API started on port 3000...
2020-06-11T22:49:30.567Z [my-bank-api] info: API started on port 3000...
2020-06-11T22:49:53.883Z [my-bank-api] error: Post account: Canjica preto de zulu - 654.45 created.
2020-06-11T22:50:12.011Z [my-bank-api] info: API started on port 3000...
2020-06-11T22:51:58.370Z [my-bank-api] info: API started on port 3000...
2020-06-11T22:52:35.860Z [my-bank-api] info: API started on port 3000...
2020-06-11T22:53:20.843Z [my-bank-api] info: API started on port 3000...
2020-06-11T22:53:26.771Z [my-bank-api] info: GET ALL - result: {"accounts":[{"id":1,"name":"Canjica preto de zulu","balance":654.45}]}
2020-06-11T22:53:57.531Z [my-bank-api] info: API started on port 3000...
2020-06-11T22:54:36.726Z [my-bank-api] info: Post account: Ricardo Rodrigues dos Santos - 654.45 created.
2020-06-11T22:54:39.939Z [my-bank-api] info: GET ALL - result: {"accounts":[{"id":1,"name":"Canjica preto de zulu","balance":654.45},{"id":2,"name":"Ricardo Rodrigues dos Santos","balance":654.45}]}
2020-06-11T22:55:17.439Z [my-bank-api] info: API started on port 3000...
2020-06-11T22:56:04.923Z [my-bank-api] info: API started on port 3000...
2020-06-11T22:56:40.868Z [my-bank-api] info: API started on port 3000...
2020-06-11T22:56:54.296Z [my-bank-api] info: API started on port 3000...
2020-06-11T22:57:01.104Z [my-bank-api] info: API started on port 3000...
2020-06-11T22:57:08.442Z [my-bank-api] info: GET with Id - result: {"message":"HTTP code: 200 - OK","id":1,"name":"Canjica preto de zulu","balance":654.45}
2020-06-11T22:58:09.193Z [my-bank-api] info: API started on port 3000...
2020-06-11T22:58:41.824Z [my-bank-api] info: API started on port 3000...
2020-06-11T22:59:03.877Z [my-bank-api] info: API started on port 3000...
2020-06-11T22:59:06.535Z [my-bank-api] info: API started on port 3000...
2020-06-11T22:59:19.442Z [my-bank-api] info: API started on port 3000...
2020-06-11T23:00:16.262Z [my-bank-api] info: API started on port 3000...
2020-06-11T23:01:04.608Z [my-bank-api] info: API started on port 3000...
2020-06-11T23:01:30.139Z [my-bank-api] info: API started on port 3000...
2020-06-11T23:01:53.027Z [my-bank-api] info: API started on port 3000...
2020-06-11T23:02:06.561Z [my-bank-api] info: API started on port 3000...
2020-06-11T23:02:12.725Z [my-bank-api] info: API started on port 3000...
2020-06-11T23:02:23.200Z [my-bank-api] info: API started on port 3000...
2020-06-11T23:02:28.969Z [my-bank-api] info: API started on port 3000...
2020-06-11T23:03:02.452Z [my-bank-api] info: API started on port 3000...
2020-06-11T23:03:25.420Z [my-bank-api] info: API started on port 3000...
2020-06-11T23:03:39.879Z [my-bank-api] info: API started on port 3000...
2020-06-11T23:03:56.760Z [my-bank-api] info: API started on port 3000...
2020-06-11T23:04:04.882Z [my-bank-api] info: GET ALL - result: {"accounts":[{"id":1,"name":"Canjica preto de zulu","balance":654.45},{"id":2,"name":"Ricardo Rodrigues dos Santos","balance":654.45}]}
2020-06-11T23:04:18.956Z [my-bank-api] info: GET with Id - result: {"message":"HTTP code: 200 - OK","id":2,"name":"Ricardo Rodrigues dos Santos","balance":654.45}
2020-06-11T23:04:36.746Z [my-bank-api] info: GET ALL - result: {"accounts":[{"id":1,"name":"Canjica preto de zulu","balance":654.45},{"id":2,"name":"Ricardo Rodrigues dos Santos","balance":654.45}]}
2020-06-11T23:04:52.087Z [my-bank-api] info: Post account: Carolline Lourenço - 654.45 created.
2020-06-11T23:05:20.798Z [my-bank-api] info: GET ALL - result: {"accounts":[{"id":1,"name":"Canjica preto de zulu","balance":654.45},{"id":2,"name":"Ricardo Rodrigues dos Santos","balance":654.45},{"id":3,"name":"Carolline Lourenço","balance":654.45}]}
2020-06-11T23:05:44.150Z [my-bank-api] info: PUT account: 2 updated.
2020-06-11T23:06:18.681Z [my-bank-api] info: POST account/deposit: 2 updated.
2020-06-11T23:07:18.123Z [my-bank-api] info: API started on port 3000...
2020-06-11T23:07:24.498Z [my-bank-api] info: {"message":"POST account/deposit: 2 updated.","oldValue":1542.1399999999999,"value":542,"result":2084.14}
2020-06-11T23:12:04.204Z [my-bank-api] info: {"message":"POST account/deposit: 2 updated.","oldValue":2084.14,"value":-542,"result":1542.1399999999999}
2020-06-11T23:23:16.018Z [my-bank-api] info: API started on port 3000...
2020-06-11T23:23:25.477Z [my-bank-api] info: GET ALL - result: {"accounts":[{"id":1,"name":"Canjica preto de zulu","balance":654.45},{"id":2,"name":"Ricardo Rodrigues","balance":1542.1399999999999},{"id":3,"name":"Carolline Lourenço","balance":654.45}]}
2020-06-11T23:26:25.678Z [my-bank-api] info: API started on port 3000...
2020-06-11T23:27:09.874Z [my-bank-api] info: API started on port 3000...
2020-06-11T23:27:59.013Z [my-bank-api] info: GET ALL - result: {"accounts":[{"id":1,"name":"Canjica preto de zulu","balance":654.45},{"id":2,"name":"Ricardo Rodrigues","balance":1542.1399999999999},{"id":3,"name":"Carolline Lourenço","balance":654.45}]}
2020-06-12T00:23:30.658Z [my-bank-api] info: API started on port 3000...
2020-06-12T00:27:31.805Z [my-bank-api] info: API started on port 3000...
2020-06-12T00:28:14.144Z [my-bank-api] info: API started on port 3000...
2020-06-12T00:33:04.491Z [my-bank-api] info: API started on port 3000...
2020-06-12T00:33:12.582Z [my-bank-api] info: API started on port 3000...
2020-06-12T00:34:25.811Z [my-bank-api] info: GET ALL - result: {"accounts":[{"id":1,"name":"Canjica preto de zulu","balance":654.45},{"id":2,"name":"Ricardo Rodrigues","balance":1542.1399999999999},{"id":3,"name":"Carolline Lourenço","balance":654.45}]}
2020-06-12T00:34:46.351Z [my-bank-api] info: Post account: Ricardo Rodrigues - 1150.56 created.
2020-06-12T00:35:02.135Z [my-bank-api] info: GET ALL - result: {"accounts":[{"id":1,"name":"Canjica preto de zulu","balance":654.45},{"id":2,"name":"Ricardo Rodrigues","balance":1542.1399999999999},{"id":3,"name":"Carolline Lourenço","balance":654.45},{"id":4,"name":"Ricardo Rodrigues","balance":1150.56}]}
2020-06-12T00:35:07.682Z [my-bank-api] info: GET ALL - result: {"accounts":[{"id":1,"name":"Canjica preto de zulu","balance":654.45},{"id":2,"name":"Ricardo Rodrigues","balance":1542.1399999999999},{"id":3,"name":"Carolline Lourenço","balance":654.45},{"id":4,"name":"Ricardo Rodrigues","balance":1150.56}]}
2020-06-12T00:43:35.270Z [my-bank-api] info: API started on port 3000...
2020-06-12T00:44:46.895Z [my-bank-api] info: GET ALL - result: {"accounts":[{"id":1,"name":"Canjica preto de zulu","balance":654.45},{"id":2,"name":"Ricardo Rodrigues","balance":1542.1399999999999},{"id":3,"name":"Carolline Lourenço","balance":654.45},{"id":4,"name":"Ricardo Rodrigues","balance":1150.56}]}
2020-06-12T00:47:24.182Z [my-bank-api] info: API started on port 3000...
2020-06-12T00:47:33.386Z [my-bank-api] info: GET ALL - result: {"accounts":[{"id":1,"name":"Canjica preto de zulu","balance":654.45},{"id":2,"name":"Ricardo Rodrigues","balance":1542.1399999999999},{"id":3,"name":"Carolline Lourenço","balance":654.45},{"id":4,"name":"Ricardo Rodrigues","balance":1150.56}]}
2020-06-12T00:48:48.561Z [my-bank-api] info: API started on port 3000...
2020-06-12T00:49:07.109Z [my-bank-api] info: API started on port 3000...
2020-06-12T00:49:10.755Z [my-bank-api] info: GET ALL - result: {"accounts":[{"id":1,"name":"Canjica preto de zulu","balance":654.45},{"id":2,"name":"Ricardo Rodrigues","balance":1542.1399999999999},{"id":3,"name":"Carolline Lourenço","balance":654.45},{"id":4,"name":"Ricardo Rodrigues","balance":1150.56}]}
2020-06-12T00:49:11.908Z [my-bank-api] info: GET ALL - result: {"accounts":[{"id":1,"name":"Canjica preto de zulu","balance":654.45},{"id":2,"name":"Ricardo Rodrigues","balance":1542.1399999999999},{"id":3,"name":"Carolline Lourenço","balance":654.45},{"id":4,"name":"Ricardo Rodrigues","balance":1150.56}]}
2020-06-12T00:49:12.662Z [my-bank-api] info: GET ALL - result: {"accounts":[{"id":1,"name":"Canjica preto de zulu","balance":654.45},{"id":2,"name":"Ricardo Rodrigues","balance":1542.1399999999999},{"id":3,"name":"Carolline Lourenço","balance":654.45},{"id":4,"name":"Ricardo Rodrigues","balance":1150.56}]}
2020-06-12T00:49:25.090Z [my-bank-api] info: API started on port 3000...
2020-06-12T00:49:27.168Z [my-bank-api] info: GET ALL - result: {"accounts":[{"id":1,"name":"Canjica preto de zulu","balance":654.45},{"id":2,"name":"Ricardo Rodrigues","balance":1542.1399999999999},{"id":3,"name":"Carolline Lourenço","balance":654.45},{"id":4,"name":"Ricardo Rodrigues","balance":1150.56}]}
2020-06-12T00:49:30.855Z [my-bank-api] info: GET ALL - result: {"accounts":[{"id":1,"name":"Canjica preto de zulu","balance":654.45},{"id":2,"name":"Ricardo Rodrigues","balance":1542.1399999999999},{"id":3,"name":"Carolline Lourenço","balance":654.45},{"id":4,"name":"Ricardo Rodrigues","balance":1150.56}]}
2020-06-12T00:49:33.934Z [my-bank-api] info: GET ALL - result: {"accounts":[{"id":1,"name":"Canjica preto de zulu","balance":654.45},{"id":2,"name":"Ricardo Rodrigues","balance":1542.1399999999999},{"id":3,"name":"Carolline Lourenço","balance":654.45},{"id":4,"name":"Ricardo Rodrigues","balance":1150.56}]}
2020-06-12T00:49:34.481Z [my-bank-api] info: GET ALL - result: {"accounts":[{"id":1,"name":"Canjica preto de zulu","balance":654.45},{"id":2,"name":"Ricardo Rodrigues","balance":1542.1399999999999},{"id":3,"name":"Carolline Lourenço","balance":654.45},{"id":4,"name":"Ricardo Rodrigues","balance":1150.56}]}
